<?xml version="1.0" encoding="UTF-8"?>
<!-- Generated by org.testng.reporters.JUnitReportReporter -->
<testsuite hostname="LAPTOP-RGPVMKAR" failures="0" tests="3" name="com.herokuapp.theinternet.LoginTests" time="33.837" errors="0" timestamp="2022-05-09T13:15:51 CDT" skipped="0">
  <testcase classname="com.herokuapp.theinternet.LoginTests" name="positiveLoginTest" time="10.609"/>
  <system-out/>
  <testcase classname="com.herokuapp.theinternet.LoginTests" name="negativeLoginTest" time="13.672"/>
  <system-out/>
  <testcase classname="com.herokuapp.theinternet.LoginTests" name="negativeLoginTest" time="9.556"/>
  <system-out/>
</testsuite> <!-- com.herokuapp.theinternet.LoginTests -->
