<?xml version="1.0" encoding="UTF-8"?>
<!-- Generated by org.testng.reporters.JUnitReportReporter -->
<testsuite hostname="LAPTOP-RGPVMKAR" failures="0" tests="1" name="com.herokuapp.theinternet.PositiveTests" time="10.110" errors="0" timestamp="2022-05-06T20:16:12 CDT" skipped="0">
  <testcase classname="com.herokuapp.theinternet.PositiveTests" name="loginTest" time="10.110"/>
  <system-out/>
</testsuite> <!-- com.herokuapp.theinternet.PositiveTests -->
