<?xml version="1.0" encoding="UTF-8"?>
<!-- Generated by org.testng.reporters.JUnitReportReporter -->
<testsuite hostname="LAPTOP-RGPVMKAR" failures="0" tests="1" name="com.herokuapp.theinternet.ExceptionsTests" time="11.863" errors="0" timestamp="2022-05-09T04:35:40 CDT" skipped="0">
  <testcase classname="com.herokuapp.theinternet.ExceptionsTests" name="notVisibleTest" time="11.863"/>
  <system-out/>
</testsuite> <!-- com.herokuapp.theinternet.ExceptionsTests -->
