<?xml version="1.0" encoding="UTF-8"?>
<!-- Generated by org.testng.reporters.JUnitReportReporter -->
<testsuite hostname="LAPTOP-RGPVMKAR" failures="0" tests="1" name="com.herokuapp.theinternet.ExceptionsTests" time="10.003" errors="0" timestamp="2022-05-09T19:36:11 CDT" skipped="0">
  <testcase classname="com.herokuapp.theinternet.ExceptionsTests" name="disabledElementTest" time="10.003"/>
  <system-out/>
</testsuite> <!-- com.herokuapp.theinternet.ExceptionsTests -->
