<?xml version="1.0" encoding="UTF-8"?>
<!-- Generated by org.testng.reporters.JUnitReportReporter -->
<testsuite hostname="LAPTOP-RGPVMKAR" failures="0" tests="2" name="com.herokuapp.theinternet.NegativeTests" time="27.512" errors="0" timestamp="2022-05-07T00:34:31 CDT" skipped="0">
  <testcase classname="com.herokuapp.theinternet.NegativeTests" name="negativeLoginTest" time="12.420"/>
  <system-out/>
  <testcase classname="com.herokuapp.theinternet.NegativeTests" name="negativeLoginTest" time="15.092"/>
  <system-out/>
</testsuite> <!-- com.herokuapp.theinternet.NegativeTests -->
