<?xml version="1.0" encoding="UTF-8"?>
<!-- Generated by org.testng.reporters.JUnitReportReporter -->
<testsuite skipped="0" hostname="LAPTOP-RGPVMKAR" name="com.herokuapp.theinternet.PositiveTests" tests="1" failures="0" timestamp="2022-05-06T04:11:11 CDT" time="11.092" errors="0">
  <testcase name="loginTest" time="11.092" classname="com.herokuapp.theinternet.PositiveTests"/>
  <system-out/>
</testsuite> <!-- com.herokuapp.theinternet.PositiveTests -->
