<?xml version="1.0" encoding="UTF-8"?>
<!-- Generated by org.testng.reporters.JUnitReportReporter -->
<testsuite skipped="0" hostname="LAPTOP-RGPVMKAR" name="com.herokuapp.theinternet.NegativeTests" tests="2" failures="0" timestamp="2022-05-06T04:11:11 CDT" time="21.834" errors="0">
  <testcase name="incorrectPasswordTest" time="9.708" classname="com.herokuapp.theinternet.NegativeTests"/>
  <system-out/>
  <testcase name="incorrectUsernameTest" time="12.126" classname="com.herokuapp.theinternet.NegativeTests"/>
  <system-out/>
</testsuite> <!-- com.herokuapp.theinternet.NegativeTests -->
